<?xml version="1.0" encoding="UTF-8"?>
<!-- Generated by org.testng.reporters.JUnitReportReporter -->
<testsuite hostname="DESKTOP-JTIKO4C" failures="0" tests="1" name="com.SeleniumPractice.TestCases.TC_LoginTest_001" time="5.703" errors="0" timestamp="2023-08-24T16:37:07 IST" skipped="0">
  <testcase classname="com.SeleniumPractice.TestCases.TC_LoginTest_001" name="LoginTest" time="5.703"/>
  <system-out/>
</testsuite> <!-- com.SeleniumPractice.TestCases.TC_LoginTest_001 -->
